/bin/bash: error importing function definition for `BASH_FUNC_module()'
/bin/bash: error importing function definition for `BASH_FUNC_switchml()'
/bin/bash: error importing function definition for `BASH_FUNC__moduleraw()'
/home/rkogeyam/PATENT_CITATION
n071
Thu Aug 13 09:42:55 EDT 2020
Running program on 10 CPU cores

** (process:3120): WARNING **: 09:43:12.840: Failed to load shared library 'libgdk-3.so.0' referenced by the typelib: /home/rkogeyam/.conda/envs/graph-tool/lib/python3.8/site-packages/gi/../../../././libgdk-3.so.0: undefined symbol: XRRGetMonitors
Traceback (most recent call last):
  File "graph_tool-v2.py", line 27, in <module>
    import graph_tool.all as gt
  File "/home/rkogeyam/.conda/envs/graph-tool/lib/python3.8/site-packages/graph_tool/all.py", line 35, in <module>
    from graph_tool.draw import *
  File "/home/rkogeyam/.conda/envs/graph-tool/lib/python3.8/site-packages/graph_tool/draw/__init__.py", line 879, in <module>
    from . cairo_draw import graph_draw, cairo_draw, get_hierarchy_control_points, default_cm
  File "/home/rkogeyam/.conda/envs/graph-tool/lib/python3.8/site-packages/graph_tool/draw/cairo_draw.py", line 63, in <module>
    is_draw_inline = 'inline' in matplotlib.get_backend()
  File "/home/rkogeyam/.conda/envs/graph-tool/lib/python3.8/site-packages/matplotlib/__init__.py", line 1302, in get_backend
    return rcParams['backend']
  File "/home/rkogeyam/.conda/envs/graph-tool/lib/python3.8/site-packages/matplotlib/__init__.py", line 831, in __getitem__
    from matplotlib import pyplot as plt
  File "/home/rkogeyam/.conda/envs/graph-tool/lib/python3.8/site-packages/matplotlib/pyplot.py", line 2282, in <module>
    switch_backend(rcParams["backend"])
  File "/home/rkogeyam/.conda/envs/graph-tool/lib/python3.8/site-packages/matplotlib/__init__.py", line 832, in __getitem__
    plt.switch_backend(rcsetup._auto_backend_sentinel)
  File "/home/rkogeyam/.conda/envs/graph-tool/lib/python3.8/site-packages/matplotlib/pyplot.py", line 204, in switch_backend
    switch_backend(candidate)
  File "/home/rkogeyam/.conda/envs/graph-tool/lib/python3.8/site-packages/matplotlib/pyplot.py", line 221, in switch_backend
    backend_mod = importlib.import_module(backend_name)
  File "/home/rkogeyam/.conda/envs/graph-tool/lib/python3.8/importlib/__init__.py", line 127, in import_module
    return _bootstrap._gcd_import(name[level:], package, level)
  File "/home/rkogeyam/.conda/envs/graph-tool/lib/python3.8/site-packages/matplotlib/backends/backend_gtk3agg.py", line 8, in <module>
    from . import backend_agg, backend_gtk3
  File "/home/rkogeyam/.conda/envs/graph-tool/lib/python3.8/site-packages/matplotlib/backends/backend_gtk3.py", line 31, in <module>
    from gi.repository import GLib, GObject, Gtk, Gdk
  File "<frozen importlib._bootstrap>", line 991, in _find_and_load
  File "<frozen importlib._bootstrap>", line 975, in _find_and_load_unlocked
  File "<frozen importlib._bootstrap>", line 655, in _load_unlocked
  File "<frozen importlib._bootstrap>", line 618, in _load_backward_compatible
  File "/home/rkogeyam/.conda/envs/graph-tool/lib/python3.8/site-packages/gi/importer.py", line 145, in load_module
    importlib.import_module('gi.repository.' + dep.split("-")[0])
  File "/home/rkogeyam/.conda/envs/graph-tool/lib/python3.8/importlib/__init__.py", line 127, in import_module
    return _bootstrap._gcd_import(name[level:], package, level)
  File "<frozen importlib._bootstrap>", line 1014, in _gcd_import
  File "<frozen importlib._bootstrap>", line 991, in _find_and_load
  File "<frozen importlib._bootstrap>", line 975, in _find_and_load_unlocked
  File "<frozen importlib._bootstrap>", line 655, in _load_unlocked
  File "<frozen importlib._bootstrap>", line 618, in _load_backward_compatible
  File "/home/rkogeyam/.conda/envs/graph-tool/lib/python3.8/site-packages/gi/importer.py", line 146, in load_module
    dynamic_module = load_overrides(introspection_module)
  File "/home/rkogeyam/.conda/envs/graph-tool/lib/python3.8/site-packages/gi/overrides/__init__.py", line 125, in load_overrides
    override_mod = importlib.import_module(override_package_name)
  File "/home/rkogeyam/.conda/envs/graph-tool/lib/python3.8/importlib/__init__.py", line 127, in import_module
    return _bootstrap._gcd_import(name[level:], package, level)
  File "/home/rkogeyam/.conda/envs/graph-tool/lib/python3.8/site-packages/gi/overrides/Gdk.py", line 81, in <module>
    Color = override(Color)
  File "/home/rkogeyam/.conda/envs/graph-tool/lib/python3.8/site-packages/gi/overrides/__init__.py", line 202, in override
    assert g_type != TYPE_NONE
AssertionError
Thu Aug 13 09:43:14 EDT 2020
