/bin/bash: error importing function definition for `BASH_FUNC_module()'
/bin/bash: error importing function definition for `BASH_FUNC_switchml()'
/bin/bash: error importing function definition for `BASH_FUNC__moduleraw()'
/home/rkogeyam/PATENT_CITATION
n072
Fri Jul 31 08:48:29 EDT 2020
Running program on 4 CPU cores
/home/applications/anaconda3/4.2.0/lib/python3.5/site-packages/numpy/lib/function_base.py:4269: RuntimeWarning: Invalid value encountered in percentile
  interpolation=interpolation)
/home/rkogeyam/scripts/normalize.py:34: SettingWithCopyWarning: 
A value is trying to be set on a copy of a slice from a DataFrame.
Try using .loc[row_indexer,col_indexer] = value instead

See the caveats in the documentation: http://pandas.pydata.org/pandas-docs/stable/indexing.html#indexing-view-versus-copy
  df[num_cols]=min_max_scaler.fit_transform(df[num_cols])
/home/applications/anaconda3/4.2.0/lib/python3.5/site-packages/pandas/core/indexing.py:465: SettingWithCopyWarning: 
A value is trying to be set on a copy of a slice from a DataFrame.
Try using .loc[row_indexer,col_indexer] = value instead

See the caveats in the documentation: http://pandas.pydata.org/pandas-docs/stable/indexing.html#indexing-view-versus-copy
  self.obj[item] = s
/home/applications/anaconda3/4.2.0/lib/python3.5/site-packages/matplotlib/font_manager.py:1297: UserWarning: findfont: Font family ['sans-serif'] not found. Falling back to DejaVu Sans
  (prop.get_family(), self.defaultFamily[fontext]))
/home/applications/anaconda3/4.2.0/lib/python3.5/site-packages/matplotlib/pyplot.py:524: RuntimeWarning: More than 20 figures have been opened. Figures created through the pyplot interface (`matplotlib.pyplot.figure`) are retained until explicitly closed and may consume too much memory. (To control this warning, see the rcParam `figure.max_open_warning`).
  max_open_warning, RuntimeWarning)
Total number of observations and attributes
(3315241, 11)
Number of numerical attributes: 9
Number of non-numerical attributes: 9
Fri Jul 31 08:52:35 EDT 2020
