/bin/bash: error importing function definition for `BASH_FUNC_module()'
/bin/bash: error importing function definition for `BASH_FUNC_switchml()'
/bin/bash: error importing function definition for `BASH_FUNC__moduleraw()'
/home/rkogeyam/PATENT_CITATION
n056
Wed Aug 19 16:09:22 EDT 2020
Running program on 3 CPU cores
[NbConvertApp] Converting notebook wipo.ipynb to notebook
[NbConvertApp] Executing notebook with kernel: python3
[NbConvertApp] Writing 17090 bytes to wipo.ipynb
[NbConvertApp] Converting notebook originality.ipynb to notebook
[NbConvertApp] Executing notebook with kernel: python3
[NbConvertApp] Writing 11678 bytes to originality.ipynb
[NbConvertApp] Converting notebook originality_2.ipynb to notebook
[NbConvertApp] Executing notebook with kernel: python3
[NbConvertApp] Writing 18483 bytes to originality_2.ipynb
[NbConvertApp] Converting notebook generality.ipynb to notebook
[NbConvertApp] Executing notebook with kernel: python3
[NbConvertApp] Writing 25049 bytes to generality.ipynb
Wed Aug 19 16:47:38 EDT 2020
