\begin{tabular}{lllllll}
\toprule
{} &         count &      mean &    std &       min &       max &        isnull \\
\midrule
num\_claims         &  7,330,226.00 &     14.23 &  11.68 &      1.00 &    887.00 &  2,240,453.00 \\
cit\_received       &  9,570,679.00 &     11.38 &  33.38 &      0.00 &  4,609.00 &          0.00 \\
cit\_made           &  6,188,752.00 &     14.78 &  41.95 &      0.00 &  5,811.00 &  3,381,927.00 \\
cit\_received\_delay &  7,632,624.00 &     20.21 &  24.31 &    -13.37 &    215.00 &  1,938,055.00 \\
cit\_made\_delay     &  6,907,058.00 &     13.87 &  10.71 &   -195.99 &    182.74 &  2,663,621.00 \\
originality        &  6,297,168.00 &      0.15 &   0.21 &      0.00 &      0.80 &  3,273,511.00 \\
generality         &  6,552,760.00 &      0.15 &   0.21 &      0.00 &      0.80 &  3,017,919.00 \\
wipo\_far\_ext       &  4,788,367.00 &      3.53 &  13.57 &      0.00 &  3,070.00 &  4,782,312.00 \\
wipo\_ext           &  4,788,367.00 &      6.62 &  20.20 &      0.00 &  3,584.00 &  4,782,312.00 \\
pagerank           &  8,524,799.00 &      0.00 &   0.00 &      0.00 &      0.00 &  1,045,880.00 \\
year               &  7,330,226.00 &  2,004.55 &  11.80 &  1,976.00 &  2,020.00 &  2,240,453.00 \\
decade             &  7,330,226.00 &  1,999.70 &  11.79 &  1,970.00 &  2,020.00 &  2,240,453.00 \\
\bottomrule
\end{tabular}
\begin{center}
\begin{tabular}{lclc}
\toprule
\textbf{Dep. Variable:}     &     PageRank     & \textbf{  R-squared:         } &         0.275       \\
\textbf{Model:}             &       OLS        & \textbf{  Adj. R-squared:    } &         0.275       \\
\textbf{Method:}            &  Least Squares   & \textbf{  F-statistic:       } &     2.292e+04       \\
\textbf{Date:}              & Mon, 24 Aug 2020 & \textbf{  Prob (F-statistic):} &         0.00        \\
\textbf{Time:}              &     11:49:00     & \textbf{  Log-Likelihood:    } &     3.3889e+06      \\
\textbf{No. Observations:}  &      665093      & \textbf{  AIC:               } &     -6.778e+06      \\
\textbf{Df Residuals:}      &      665081      & \textbf{  BIC:               } &     -6.778e+06      \\
\textbf{Df Model:}          &          11      & \textbf{                     } &                     \\
\bottomrule
\end{tabular}
\begin{tabular}{lccccc}
                            & \textbf{coef} & \textbf{std err} & \textbf{t} & \textbf{P$>$$|$t$|$} & \textbf{[95.0\% Conf. Int.]}  \\
\midrule
\textbf{num_claims}         &       0.6904  &     4.94e-05     &   1.4e+04  &         0.000        &         0.690     0.691       \\
\textbf{cit_received}       &       0.0005  &        0.000     &     4.362  &         0.000        &         0.000     0.001       \\
\textbf{cit_made}           &      -0.1622  &        0.000     &  -333.077  &         0.000        &        -0.163    -0.161       \\
\textbf{cit_received_delay} &       0.0119  &        0.000     &    29.717  &         0.000        &         0.011     0.013       \\
\textbf{cit_made_delay}     &       0.0037  &     4.55e-05     &    81.029  &         0.000        &         0.004     0.004       \\
\textbf{originality}        &       0.0019  &     7.46e-05     &    24.923  &         0.000        &         0.002     0.002       \\
\textbf{generality}         &   -9.007e-05  &      7.8e-06     &   -11.544  &         0.000        &        -0.000 -7.48e-05       \\
\textbf{wipo_far_ext}       &      -0.0002  &     7.52e-06     &   -30.646  &         0.000        &        -0.000    -0.000       \\
\textbf{wipo_ext}           &       0.0449  &        0.001     &    63.027  &         0.000        &         0.044     0.046       \\
\textbf{year}               &       0.0536  &        0.001     &    65.390  &         0.000        &         0.052     0.055       \\
\textbf{decade}             &       0.0016  &     2.81e-05     &    56.891  &         0.000        &         0.002     0.002       \\
\bottomrule
\end{tabular}
\begin{tabular}{lclc}
\textbf{Omnibus:}       & 2797116.562 & \textbf{  Durbin-Watson:     } &         1.896       \\
\textbf{Prob(Omnibus):} &     0.000   & \textbf{  Jarque-Bera (JB):  } & 30050463230288.051  \\
\textbf{Skew:}          &   -119.497  & \textbf{  Prob(JB):          } &          0.00       \\
\textbf{Kurtosis:}      &  32932.003  & \textbf{  Cond. No.          } &          868.       \\
\bottomrule
\end{tabular}
%\caption{OLS of WIPO: 0}
\end{center}\begin{center}
\begin{tabular}{lclc}
\toprule
\textbf{Dep. Variable:}     &     PageRank     & \textbf{  R-squared:         } &         0.346      \\
\textbf{Model:}             &       OLS        & \textbf{  Adj. R-squared:    } &         0.346      \\
\textbf{Method:}            &  Least Squares   & \textbf{  F-statistic:       } &     4.122e+04      \\
\textbf{Date:}              & Mon, 24 Aug 2020 & \textbf{  Prob (F-statistic):} &         0.00       \\
\textbf{Time:}              &     11:49:03     & \textbf{  Log-Likelihood:    } &     4.8269e+06     \\
\textbf{No. Observations:}  &      858192      & \textbf{  AIC:               } &     -9.654e+06     \\
\textbf{Df Residuals:}      &      858180      & \textbf{  BIC:               } &     -9.654e+06     \\
\textbf{Df Model:}          &          11      & \textbf{                     } &                    \\
\bottomrule
\end{tabular}
\begin{tabular}{lccccc}
                            & \textbf{coef} & \textbf{std err} & \textbf{t} & \textbf{P$>$$|$t$|$} & \textbf{[95.0\% Conf. Int.]}  \\
\midrule
\textbf{num_claims}         &       0.6905  &     1.89e-05     &  3.65e+04  &         0.000        &         0.690     0.691       \\
\textbf{cit_received}       &       0.0009  &     8.13e-05     &    11.283  &         0.000        &         0.001     0.001       \\
\textbf{cit_made}           &      -0.1407  &        0.000     &  -489.568  &         0.000        &        -0.141    -0.140       \\
\textbf{cit_received_delay} &       0.0093  &        0.000     &    42.517  &         0.000        &         0.009     0.010       \\
\textbf{cit_made_delay}     &       0.0040  &      2.6e-05     &   154.572  &         0.000        &         0.004     0.004       \\
\textbf{originality}        &       0.0016  &     2.74e-05     &    60.246  &         0.000        &         0.002     0.002       \\
\textbf{generality}         &   -6.063e-05  &     3.86e-06     &   -15.704  &         0.000        &     -6.82e-05 -5.31e-05       \\
\textbf{wipo_far_ext}       &      -0.0001  &     3.85e-06     &   -33.147  &         0.000        &        -0.000    -0.000       \\
\textbf{wipo_ext}           &       0.0276  &        0.001     &    37.513  &         0.000        &         0.026     0.029       \\
\textbf{year}               &       0.0474  &        0.001     &    64.321  &         0.000        &         0.046     0.049       \\
\textbf{decade}             &       0.0015  &     1.49e-05     &    98.772  &         0.000        &         0.001     0.002       \\
\bottomrule
\end{tabular}
\begin{tabular}{lclc}
\textbf{Omnibus:}       & 2705984.728 & \textbf{  Durbin-Watson:     } &         1.848      \\
\textbf{Prob(Omnibus):} &     0.000   & \textbf{  Jarque-Bera (JB):  } & 2767618728421.703  \\
\textbf{Skew:}          &   -49.394   & \textbf{  Prob(JB):          } &          0.00      \\
\textbf{Kurtosis:}      &   8800.092  & \textbf{  Cond. No.          } &      1.62e+03      \\
\bottomrule
\end{tabular}
%\caption{OLS of WIPO: 3}
\end{center}\begin{center}
\begin{tabular}{lclc}
\toprule
\textbf{Dep. Variable:}     &     PageRank     & \textbf{  R-squared:         } &         0.232      \\
\textbf{Model:}             &       OLS        & \textbf{  Adj. R-squared:    } &         0.232      \\
\textbf{Method:}            &  Least Squares   & \textbf{  F-statistic:       } &     1.856e+04      \\
\textbf{Date:}              & Mon, 24 Aug 2020 & \textbf{  Prob (F-statistic):} &         0.00       \\
\textbf{Time:}              &     11:49:06     & \textbf{  Log-Likelihood:    } &     3.2993e+06     \\
\textbf{No. Observations:}  &      677479      & \textbf{  AIC:               } &     -6.599e+06     \\
\textbf{Df Residuals:}      &      677467      & \textbf{  BIC:               } &     -6.598e+06     \\
\textbf{Df Model:}          &          11      & \textbf{                     } &                    \\
\bottomrule
\end{tabular}
\begin{tabular}{lccccc}
                            & \textbf{coef} & \textbf{std err} & \textbf{t} & \textbf{P$>$$|$t$|$} & \textbf{[95.0\% Conf. Int.]}  \\
\midrule
\textbf{num_claims}         &       0.6865  &     6.62e-05     &  1.04e+04  &         0.000        &         0.686     0.687       \\
\textbf{cit_received}       &      -0.0034  &        0.000     &   -22.158  &         0.000        &        -0.004    -0.003       \\
\textbf{cit_made}           &      -0.0190  &        0.000     &  -136.430  &         0.000        &        -0.019    -0.019       \\
\textbf{cit_received_delay} &       0.0031  &        0.000     &    15.266  &         0.000        &         0.003     0.003       \\
\textbf{cit_made_delay}     &       0.0044  &     6.86e-05     &    63.759  &         0.000        &         0.004     0.005       \\
\textbf{originality}        &       0.0053  &        0.000     &    52.992  &         0.000        &         0.005     0.006       \\
\textbf{generality}         &    9.382e-05  &     8.66e-06     &    10.832  &         0.000        &      7.68e-05     0.000       \\
\textbf{wipo_far_ext}       &    6.287e-05  &     9.12e-06     &     6.895  &         0.000        &       4.5e-05  8.07e-05       \\
\textbf{wipo_ext}           &      -0.0525  &        0.001     &   -61.542  &         0.000        &        -0.054    -0.051       \\
\textbf{year}               &      -0.0228  &        0.001     &   -32.298  &         0.000        &        -0.024    -0.021       \\
\textbf{decade}             &       0.0035  &     3.63e-05     &    95.619  &         0.000        &         0.003     0.004       \\
\bottomrule
\end{tabular}
\begin{tabular}{lclc}
\textbf{Omnibus:}       & 1951065.482 & \textbf{  Durbin-Watson:     } &         1.862      \\
\textbf{Prob(Omnibus):} &     0.000   & \textbf{  Jarque-Bera (JB):  } & 1111012112820.370  \\
\textbf{Skew:}          &   -38.247   & \textbf{  Prob(JB):          } &          0.00      \\
\textbf{Kurtosis:}      &   6276.138  & \textbf{  Cond. No.          } &          739.      \\
\bottomrule
\end{tabular}
%\caption{OLS of WIPO: 2}
\end{center}\begin{center}
\begin{tabular}{lclc}
\toprule
\textbf{Dep. Variable:}     &     PageRank     & \textbf{  R-squared:         } &        0.264      \\
\textbf{Model:}             &       OLS        & \textbf{  Adj. R-squared:    } &        0.264      \\
\textbf{Method:}            &  Least Squares   & \textbf{  F-statistic:       } &    4.533e+04      \\
\textbf{Date:}              & Mon, 24 Aug 2020 & \textbf{  Prob (F-statistic):} &        0.00       \\
\textbf{Time:}              &     11:49:11     & \textbf{  Log-Likelihood:    } &    6.1259e+06     \\
\textbf{No. Observations:}  &     1388194      & \textbf{  AIC:               } &    -1.225e+07     \\
\textbf{Df Residuals:}      &     1388182      & \textbf{  BIC:               } &    -1.225e+07     \\
\textbf{Df Model:}          &          11      & \textbf{                     } &                   \\
\bottomrule
\end{tabular}
\begin{tabular}{lccccc}
                            & \textbf{coef} & \textbf{std err} & \textbf{t} & \textbf{P$>$$|$t$|$} & \textbf{[95.0\% Conf. Int.]}  \\
\midrule
\textbf{num_claims}         &       0.6838  &     9.63e-05     &  7103.807  &         0.000        &         0.684     0.684       \\
\textbf{cit_received}       &      -0.0020  &        0.000     &   -11.776  &         0.000        &        -0.002    -0.002       \\
\textbf{cit_made}           &      -0.1263  &        0.000     &  -340.369  &         0.000        &        -0.127    -0.126       \\
\textbf{cit_received_delay} &       0.0061  &        0.000     &    16.028  &         0.000        &         0.005     0.007       \\
\textbf{cit_made_delay}     &       0.0074  &     9.32e-05     &    79.167  &         0.000        &         0.007     0.008       \\
\textbf{originality}        &       0.0065  &        0.000     &    44.076  &         0.000        &         0.006     0.007       \\
\textbf{generality}         &     3.53e-06  &     1.17e-05     &     0.302  &         0.762        &     -1.93e-05  2.64e-05       \\
\textbf{wipo_far_ext}       &       0.0004  &     1.31e-05     &    32.429  &         0.000        &         0.000     0.000       \\
\textbf{wipo_ext}           &       0.0509  &        0.001     &    57.549  &         0.000        &         0.049     0.053       \\
\textbf{year}               &       0.0080  &        0.001     &    13.771  &         0.000        &         0.007     0.009       \\
\textbf{decade}             &       0.0057  &     4.12e-05     &   138.621  &         0.000        &         0.006     0.006       \\
\bottomrule
\end{tabular}
\begin{tabular}{lclc}
\textbf{Omnibus:}       & 3592298.807 & \textbf{  Durbin-Watson:     } &        1.778      \\
\textbf{Prob(Omnibus):} &     0.000   & \textbf{  Jarque-Bera (JB):  } & 462874570164.098  \\
\textbf{Skew:}          &   -29.035   & \textbf{  Prob(JB):          } &         0.00      \\
\textbf{Kurtosis:}      &   2831.269  & \textbf{  Cond. No.          } &         595.      \\
\bottomrule
\end{tabular}
%\caption{OLS of WIPO: 1}
\end{center}\begin{center}
\begin{tabular}{lclc}
\toprule
\textbf{Dep. Variable:}     &     PageRank     & \textbf{  R-squared:         } &        0.336     \\
\textbf{Model:}             &       OLS        & \textbf{  Adj. R-squared:    } &        0.336     \\
\textbf{Method:}            &  Least Squares   & \textbf{  F-statistic:       } &    1.389e+04     \\
\textbf{Date:}              & Mon, 24 Aug 2020 & \textbf{  Prob (F-statistic):} &        0.00      \\
\textbf{Time:}              &     11:49:13     & \textbf{  Log-Likelihood:    } &    1.7790e+06    \\
\textbf{No. Observations:}  &      302188      & \textbf{  AIC:               } &    -3.558e+06    \\
\textbf{Df Residuals:}      &      302176      & \textbf{  BIC:               } &    -3.558e+06    \\
\textbf{Df Model:}          &          11      & \textbf{                     } &                  \\
\bottomrule
\end{tabular}
\begin{tabular}{lccccc}
                            & \textbf{coef} & \textbf{std err} & \textbf{t} & \textbf{P$>$$|$t$|$} & \textbf{[95.0\% Conf. Int.]}  \\
\midrule
\textbf{num_claims}         &       0.6911  &     2.35e-05     &  2.95e+04  &         0.000        &         0.691     0.691       \\
\textbf{cit_received}       &       0.0001  &     9.81e-05     &     1.296  &         0.195        &     -6.52e-05     0.000       \\
\textbf{cit_made}           &      -0.0531  &        0.000     &  -204.000  &         0.000        &        -0.054    -0.053       \\
\textbf{cit_received_delay} &       0.0060  &        0.000     &    31.607  &         0.000        &         0.006     0.006       \\
\textbf{cit_made_delay}     &       0.0030  &     3.81e-05     &    77.621  &         0.000        &         0.003     0.003       \\
\textbf{originality}        &       0.0008  &     3.11e-05     &    26.353  &         0.000        &         0.001     0.001       \\
\textbf{generality}         &   -2.183e-05  &     4.67e-06     &    -4.677  &         0.000        &      -3.1e-05 -1.27e-05       \\
\textbf{wipo_far_ext}       &   -9.082e-05  &     4.77e-06     &   -19.052  &         0.000        &        -0.000 -8.15e-05       \\
\textbf{wipo_ext}           &       0.0206  &        0.002     &    13.149  &         0.000        &         0.018     0.024       \\
\textbf{year}               &      -0.0242  &        0.002     &   -15.469  &         0.000        &        -0.027    -0.021       \\
\textbf{decade}             &       0.0014  &     1.99e-05     &    71.931  &         0.000        &         0.001     0.001       \\
\bottomrule
\end{tabular}
\begin{tabular}{lclc}
\textbf{Omnibus:}       & 735293.884 & \textbf{  Durbin-Watson:     } &        1.870     \\
\textbf{Prob(Omnibus):} &    0.000   & \textbf{  Jarque-Bera (JB):  } & 45625892863.152  \\
\textbf{Skew:}          &  -24.942   & \textbf{  Prob(JB):          } &         0.00     \\
\textbf{Kurtosis:}      &  1905.933  & \textbf{  Cond. No.          } &     2.78e+03     \\
\bottomrule
\end{tabular}
%\caption{OLS of WIPO: 4}
\end{center}