
uspatclean_joinselfcit

2020-08-12 17:42:46.464532


-- INFO --
<class 'pandas.core.frame.DataFrame'>
Index: 94964698 entries, 000007b7c0x3n9iy1othb9hz7 to zzzzxgmcf8om7k40a9frasijo
Data columns (total 3 columns):
patent_id      object
citation_id    object
self_cit       object
dtypes: object(3)
memory usage: 2.8+ GB

-- DESCRIPTION --
       patent_id citation_id  self_cit
count   14877431    14877430  94964697
unique   4068055     4064337         2
top      8892495     6563174         0
freq         978        1158  87866296
-- HEAD --
                          patent_id citation_id self_cit
uuid                                                    
000007b7c0x3n9iy1othb9hz7   9009250     8127342        1
000007obbnxmqc6v43t1c00dw   9643605     5471515        0
00000i5npptvejzc1gqwlza7c       NaN         NaN        0
00000jd7thmiucpaol1hm1835   5354551     4875247        0
00000oohcwply47niwhm5i42l   D786922     D718330        1
