\begin{center}
\begin{tabular}{lclc}
\toprule
\textbf{Dep. Variable:}     &     PageRank     & \textbf{  R-squared:         } &        0.339     \\
\textbf{Model:}             &       OLS        & \textbf{  Adj. R-squared:    } &        0.339     \\
\textbf{Method:}            &  Least Squares   & \textbf{  F-statistic:       } &    1.718e+04     \\
\textbf{Date:}              & Sun, 23 Aug 2020 & \textbf{  Prob (F-statistic):} &        0.00      \\
\textbf{Time:}              &     23:54:38     & \textbf{  Log-Likelihood:    } &    1.5725e+06    \\
\textbf{No. Observations:}  &      302188      & \textbf{  AIC:               } &    -3.145e+06    \\
\textbf{Df Residuals:}      &      302178      & \textbf{  BIC:               } &    -3.145e+06    \\
\textbf{Df Model:}          &           9      & \textbf{                     } &                  \\
\bottomrule
\end{tabular}
\begin{tabular}{lccccc}
                            & \textbf{coef} & \textbf{std err} & \textbf{t} & \textbf{P$>$$|$t$|$} & \textbf{[95.0\% Conf. Int.]}  \\
\midrule
\textbf{num_claims}         &       0.0040  &     4.65e-05     &    86.713  &         0.000        &         0.004     0.004       \\
\textbf{cit_received}       &      -0.0003  &        0.000     &    -1.500  &         0.134        &        -0.001  8.92e-05       \\
\textbf{cit_made}           &       0.1099  &        0.000     &   301.188  &         0.000        &         0.109     0.111       \\
\textbf{cit_received_delay} &      -0.0123  &        0.000     &   -32.512  &         0.000        &        -0.013    -0.012       \\
\textbf{cit_made_delay}     &      -0.0059  &     7.54e-05     &   -78.082  &         0.000        &        -0.006    -0.006       \\
\textbf{originality}        &      -0.0016  &     6.15e-05     &   -26.265  &         0.000        &        -0.002    -0.001       \\
\textbf{generality}         &    5.431e-05  &     9.19e-06     &     5.910  &         0.000        &      3.63e-05  7.23e-05       \\
\textbf{year}               &       0.0002  &     9.17e-06     &    22.422  &         0.000        &         0.000     0.000       \\
\textbf{decade}             &      -0.0029  &     3.94e-05     &   -72.441  &         0.000        &        -0.003    -0.003       \\
\bottomrule
\end{tabular}
\begin{tabular}{lclc}
\textbf{Omnibus:}       & 719592.300 & \textbf{  Durbin-Watson:     } &        1.867     \\
\textbf{Prob(Omnibus):} &    0.000   & \textbf{  Jarque-Bera (JB):  } & 36343911318.244  \\
\textbf{Skew:}          &   23.662   & \textbf{  Prob(JB):          } &         0.00     \\
\textbf{Kurtosis:}      &  1701.300  & \textbf{  Cond. No.          } &         252.     \\
\bottomrule
\end{tabular}
%\caption{OLS of WIPO: 4}
\end{center}